c:\users\white\onedrive\рабочий стол\universe\polytech\prepod\ttp\form_oop_nodb\form_oop_nodb\x64\debug\vc143.pdb
c:\users\white\onedrive\рабочий стол\universe\polytech\prepod\ttp\form_oop_nodb\form_oop_nodb\x64\debug\.netframework,version=v4.7.2.assemblyattributes.obj
c:\users\white\onedrive\рабочий стол\universe\polytech\prepod\ttp\form_oop_nodb\form_oop_nodb\x64\debug\source.obj
c:\users\white\onedrive\рабочий стол\universe\polytech\prepod\ttp\form_oop_nodb\form_oop_nodb\x64\debug\mainwindow.obj
c:\users\white\onedrive\рабочий стол\universe\polytech\prepod\ttp\form_oop_nodb\form_oop_nodb\x64\debug\inputform.obj
c:\users\white\onedrive\рабочий стол\universe\polytech\prepod\ttp\form_oop_nodb\form_oop_nodb\x64\debug\function.obj
c:\users\white\onedrive\рабочий стол\universe\polytech\prepod\ttp\form_oop_nodb\form_oop_nodb\x64\debug\dataform.obj
c:\users\white\onedrive\рабочий стол\universe\polytech\prepod\ttp\form_oop_nodb\form_oop_nodb\x64\debug\data.obj
c:\users\white\onedrive\рабочий стол\universe\polytech\prepod\ttp\form_oop_nodb\x64\debug\form_oop_nodb.exe
c:\users\white\onedrive\рабочий стол\universe\polytech\prepod\ttp\form_oop_nodb\x64\debug\form_oop_nodb.pdb
c:\users\white\onedrive\рабочий стол\universe\polytech\prepod\ttp\form_oop_nodb\form_oop_nodb\x64\debug\form_oop_nodb.tlog\cl.command.1.tlog
c:\users\white\onedrive\рабочий стол\universe\polytech\prepod\ttp\form_oop_nodb\form_oop_nodb\x64\debug\form_oop_nodb.tlog\cl.items.tlog
c:\users\white\onedrive\рабочий стол\universe\polytech\prepod\ttp\form_oop_nodb\form_oop_nodb\x64\debug\form_oop_nodb.tlog\cl.read.1.tlog
c:\users\white\onedrive\рабочий стол\universe\polytech\prepod\ttp\form_oop_nodb\form_oop_nodb\x64\debug\form_oop_nodb.tlog\cl.write.1.tlog
c:\users\white\onedrive\рабочий стол\universe\polytech\prepod\ttp\form_oop_nodb\form_oop_nodb\x64\debug\form_oop_nodb.tlog\link.command.1.tlog
c:\users\white\onedrive\рабочий стол\universe\polytech\prepod\ttp\form_oop_nodb\form_oop_nodb\x64\debug\form_oop_nodb.tlog\link.read.1.tlog
c:\users\white\onedrive\рабочий стол\universe\polytech\prepod\ttp\form_oop_nodb\form_oop_nodb\x64\debug\form_oop_nodb.tlog\link.secondary.1.tlog
c:\users\white\onedrive\рабочий стол\universe\polytech\prepod\ttp\form_oop_nodb\form_oop_nodb\x64\debug\form_oop_nodb.tlog\link.write.1.tlog
c:\users\white\onedrive\рабочий стол\universe\polytech\prepod\ttp\form_oop_nodb\form_oop_nodb\x64\debug\form_oop_nodb.tlog\metagen.read.1.tlog
c:\users\white\onedrive\рабочий стол\universe\polytech\prepod\ttp\form_oop_nodb\form_oop_nodb\x64\debug\form_oop_nodb.tlog\metagen.write.1.tlog
c:\users\white\onedrive\рабочий стол\universe\polytech\prepod\ttp\form_oop_nodb\form_oop_nodb\x64\debug\form_oop_nodb.tlog\resgen.command.1.tlog
c:\users\white\onedrive\рабочий стол\universe\polytech\prepod\ttp\form_oop_nodb\form_oop_nodb\x64\debug\form_oop_nodb.tlog\resgen.read.1.tlog
c:\users\white\onedrive\рабочий стол\universe\polytech\prepod\ttp\form_oop_nodb\form_oop_nodb\x64\debug\form_oop_nodb.tlog\resgen.write.1.tlog
